-------------------------------------------------------------------------------
Test set: com.smartcloud.ApiGatewayApplicationTests
-------------------------------------------------------------------------------
Tests run: 1, Failures: 0, Errors: 1, Skipped: 0, Time elapsed: 0.49 s <<< FAILURE! - in com.smartcloud.ApiGatewayApplicationTests
initializationError(com.smartcloud.ApiGatewayApplicationTests)  Time elapsed: 0.006 s  <<< ERROR!
java.lang.IllegalStateException: Unable to find a @SpringBootConfiguration, you need to use @ContextConfiguration or @SpringBootTest(classes=...) with your test

