<?xml version="1.0" encoding="UTF-8"?>
<testsuite xmlns:xsi="http://www.w3.org/2001/XMLSchema-instance" xsi:noNamespaceSchemaLocation="https://maven.apache.org/surefire/maven-surefire-plugin/xsd/surefire-test-report.xsd" name="com.smartcloud.ApiGatewayApplicationTests" time="0.49" tests="1" errors="1" skipped="0" failures="0">
  <properties>
[...]
</properties>
  <testcase name="initializationError" classname="com.smartcloud.ApiGatewayApplicationTests" time="0.006">
    <error message="Unable to find a @SpringBootConfiguration, you need to use @ContextConfiguration or @SpringBootTest(classes=...) with your test" type="java.lang.IllegalStateException">java.lang.IllegalStateException: Unable to find a @SpringBootConfiguration, you need to use @ContextConfiguration or @SpringBootTest(classes=...) with your test
</error>
    <system-out><![CDATA[14:09:12.824 [main] DEBUG org.springframework.test.context.junit4.SpringJUnit4ClassRunner - SpringJUnit4ClassRunner constructor called with [class com.smartcloud.ApiGatewayApplicationTests]
14:09:12.832 [main] DEBUG org.springframework.test.context.BootstrapUtils - Instantiating CacheAwareContextLoaderDelegate from class [org.springframework.test.context.cache.DefaultCacheAwareContextLoaderDelegate]
14:09:12.843 [main] DEBUG org.springframework.test.context.BootstrapUtils - Instantiating BootstrapContext using constructor [public org.springframework.test.context.support.DefaultBootstrapContext(java.lang.Class,org.springframework.test.context.CacheAwareContextLoaderDelegate)]
14:09:12.860 [main] DEBUG org.springframework.test.context.BootstrapUtils - Instantiating TestContextBootstrapper for test class [com.smartcloud.ApiGatewayApplicationTests] from class [org.springframework.boot.test.context.SpringBootTestContextBootstrapper]
14:09:12.872 [main] INFO org.springframework.boot.test.context.SpringBootTestContextBootstrapper - Neither @ContextConfiguration nor @ContextHierarchy found for test class [com.smartcloud.ApiGatewayApplicationTests], using SpringBootContextLoader
14:09:12.875 [main] DEBUG org.springframework.test.context.support.AbstractContextLoader - Did not detect default resource location for test class [com.smartcloud.ApiGatewayApplicationTests]: class path resource [com/smartcloud/ApiGatewayApplicationTests-context.xml] does not exist
14:09:12.876 [main] DEBUG org.springframework.test.context.support.AbstractContextLoader - Did not detect default resource location for test class [com.smartcloud.ApiGatewayApplicationTests]: class path resource [com/smartcloud/ApiGatewayApplicationTestsContext.groovy] does not exist
14:09:12.876 [main] INFO org.springframework.test.context.support.AbstractContextLoader - Could not detect default resource locations for test class [com.smartcloud.ApiGatewayApplicationTests]: no resource found for suffixes {-context.xml, Context.groovy}.
14:09:12.877 [main] INFO org.springframework.test.context.support.AnnotationConfigContextLoaderUtils - Could not detect default configuration classes for test class [com.smartcloud.ApiGatewayApplicationTests]: ApiGatewayApplicationTests does not declare any static, non-private, non-final, nested classes annotated with @Configuration.
14:09:12.912 [main] DEBUG org.springframework.test.context.support.ActiveProfilesUtils - Could not find an 'annotation declaring class' for annotation type [org.springframework.test.context.ActiveProfiles] and class [com.smartcloud.ApiGatewayApplicationTests]
14:09:12.920 [main] DEBUG org.springframework.core.env.StandardEnvironment - Adding PropertySource 'systemProperties' with lowest search precedence
14:09:12.920 [main] DEBUG org.springframework.core.env.StandardEnvironment - Adding PropertySource 'systemEnvironment' with lowest search precedence
14:09:12.920 [main] DEBUG org.springframework.core.env.StandardEnvironment - Initialized StandardEnvironment with PropertySources [MapPropertySource@1790421142 {name='systemProperties', properties={idea.version=2017.2.7, java.runtime.name=Java(TM) SE Runtime Environment, sun.boot.library.path=D:\Java\jdk1.8\jre\bin, java.vm.version=25.161-b12, java.vm.vendor=Oracle Corporation, java.vendor.url=http://java.oracle.com/, path.separator=;, java.vm.name=Java HotSpot(TM) 64-Bit Server VM, file.encoding.pkg=sun.io, user.country=CN, user.script=, sun.java.launcher=SUN_STANDARD, sun.os.patch.level=, java.vm.specification.name=Java Virtual Machine Specification, user.dir=D:\IdeaProjects\open-smartcloud\api-gateway, java.runtime.version=1.8.0_161-b12, basedir=D:\IdeaProjects\open-smartcloud\api-gateway, java.awt.graphicsenv=sun.awt.Win32GraphicsEnvironment, java.endorsed.dirs=D:\Java\jdk1.8\jre\lib\endorsed, os.arch=amd64, surefire.real.class.path=C:\Users\ADMINI~1\AppData\Local\Temp\surefire357717404565706612\surefirebooter4267606026299814989.jar, java.io.tmpdir=C:\Users\ADMINI~1\AppData\Local\Temp\, line.separator=
, java.vm.specification.vendor=Oracle Corporation, user.variant=, os.name=Windows 10, sun.jnu.encoding=GBK, java.library.path=D:\Java\jdk1.8\jre\bin;C:\Windows\Sun\Java\bin;C:\Windows\system32;C:\Windows;F:\app\Administrator\product\11.2.0\client_1;C:\ProgramData\Oracle\Java\javapath;C:\Windows\system32;C:\Windows;C:\Windows\System32\Wbem;C:\Windows\System32\WindowsPowerShell\v1.0\;C:\Program Files (x86)\NVIDIA Corporation\PhysX\Common;C:\Users\Administrator\.dnx\bin;C:\Program Files\Microsoft DNX\Dnvm\;C:\Program Files\Microsoft SQL Server\120\Tools\Binn\;C:\Program Files\nodejs\;C:\Program Files\dotnet\;C:\Program Files (x86)\dotnet\;C:\Program Files\Microsoft SQL Server\130\Tools\Binn\;C:\Program Files\Microsoft SQL Server\110\DTS\Binn\;C:\Program Files (x86)\Microsoft SQL Server\110\Tools\Binn\;C:\Program Files\Microsoft SQL Server\110\Tools\Binn\;C:\Program Files (x86)\Microsoft SQL Server\110\Tools\Binn\ManagementStudio\;C:\Program Files (x86)\Microsoft Visual Studio 10.0\Common7\IDE\PrivateAssemblies\;C:\Program Files (x86)\Microsoft SQL Server\110\DTS\Binn\;C:\Program Files\TortoiseSVN\bin;D:\tool\gradle-4.6\bin;D:\Java\maven\bin;D:\Program Files\JetBrains\IntelliJ IDEA 2017.2.7\bin;D:\Java\jdk1.8\bin;C:\Program Files\WinRAR;C:\Users\Administrator\.dnx\bin;C:\Users\Administrator\AppData\Local\Microsoft\WindowsApps;C:\Program Files\Microsoft VS Code\bin;D:\node.js\node_global;E:\emgucv-windesktop 3.3.0.2824\bin\x64;E:\emgucv-windesktop 3.3.0.2824\bin\x86;C:\Users\Administrator\AppData\Local\GitHubDesktop\bin;D:\Program Files (x86)\SSH Communications Security\SSH Secure Shell;., surefire.test.class.path=D:\IdeaProjects\open-smartcloud\api-gateway\target\test-classes;D:\IdeaProjects\open-smartcloud\api-gateway\target\classes;D:\Java\maven\repo\org\springframework\cloud\spring-cloud-starter-netflix-zuul\2.0.0.RELEASE\spring-cloud-starter-netflix-zuul-2.0.0.RELEASE.jar;D:\Java\maven\repo\org\springframework\cloud\spring-cloud-netflix-zuul\2.0.0.RELEASE\spring-cloud-netflix-zuul-2.0.0.RELEASE.jar;D:\Java\maven\repo\org\apache\httpcomponents\httpclient\4.5.6\httpclient-4.5.6.jar;D:\Java\maven\repo\org\apache\httpcomponents\httpcore\4.4.10\httpcore-4.4.10.jar;D:\Java\maven\repo\commons-codec\commons-codec\1.11\commons-codec-1.11.jar;D:\Java\maven\repo\com\netflix\netflix-commons\netflix-commons-util\0.3.0\netflix-commons-util-0.3.0.jar;D:\Java\maven\repo\javax\inject\javax.inject\1\javax.inject-1.jar;D:\Java\maven\repo\org\springframework\cloud\spring-cloud-starter\2.0.0.RELEASE\spring-cloud-starter-2.0.0.RELEASE.jar;D:\Java\maven\repo\org\springframework\cloud\spring-cloud-context\2.0.0.RELEASE\spring-cloud-context-2.0.0.RELEASE.jar;D:\Java\maven\repo\org\springframework\security\spring-security-crypto\5.0.8.RELEASE\spring-security-crypto-5.0.8.RELEASE.jar;D:\Java\maven\repo\org\springframework\cloud\spring-cloud-commons\2.0.0.RELEASE\spring-cloud-commons-2.0.0.RELEASE.jar;D:\Java\maven\repo\org\springframework\security\spring-security-rsa\1.0.5.RELEASE\spring-security-rsa-1.0.5.RELEASE.jar;D:\Java\maven\repo\org\bouncycastle\bcpkix-jdk15on\1.59\bcpkix-jdk15on-1.59.jar;D:\Java\maven\repo\org\bouncycastle\bcprov-jdk15on\1.59\bcprov-jdk15on-1.59.jar;D:\Java\maven\repo\org\springframework\boot\spring-boot-starter-actuator\2.0.5.RELEASE\spring-boot-starter-actuator-2.0.5.RELEASE.jar;D:\Java\maven\repo\org\springframework\boot\spring-boot-actuator-autoconfigure\2.0.5.RELEASE\spring-boot-actuator-autoconfigure-2.0.5.RELEASE.jar;D:\Java\maven\repo\org\springframework\boot\spring-boot-actuator\2.0.5.RELEASE\spring-boot-actuator-2.0.5.RELEASE.jar;D:\Java\maven\repo\io\micrometer\micrometer-core\1.0.6\micrometer-core-1.0.6.jar;D:\Java\maven\repo\org\hdrhistogram\HdrHistogram\2.1.10\HdrHistogram-2.1.10.jar;D:\Java\maven\repo\org\latencyutils\LatencyUtils\2.0.3\LatencyUtils-2.0.3.jar;D:\Java\maven\repo\org\springframework\cloud\spring-cloud-starter-netflix-hystrix\2.0.0.RELEASE\spring-cloud-starter-netflix-hystrix-2.0.0.RELEASE.jar;D:\Java\maven\repo\org\springframework\cloud\spring-cloud-netflix-ribbon\2.0.0.RELEASE\spring-cloud-netflix-ribbon-2.0.0.RELEASE.jar;D:\Java\maven\repo\com\netflix\hystrix\hystrix-core\1.5.12\hystrix-core-1.5.12.jar;D:\Java\maven\repo\com\netflix\hystrix\hystrix-serialization\1.5.12\hystrix-serialization-1.5.12.jar;D:\Java\maven\repo\com\fasterxml\jackson\module\jackson-module-afterburner\2.9.6\jackson-module-afterburner-2.9.6.jar;D:\Java\maven\repo\com\netflix\hystrix\hystrix-metrics-event-stream\1.5.12\hystrix-metrics-event-stream-1.5.12.jar;D:\Java\maven\repo\com\netflix\hystrix\hystrix-javanica\1.5.12\hystrix-javanica-1.5.12.jar;D:\Java\maven\repo\org\apache\commons\commons-lang3\3.7\commons-lang3-3.7.jar;D:\Java\maven\repo\org\ow2\asm\asm\5.0.4\asm-5.0.4.jar;D:\Java\maven\repo\org\aspectj\aspectjweaver\1.8.13\aspectjweaver-1.8.13.jar;D:\Java\maven\repo\io\reactivex\rxjava-reactive-streams\1.2.1\rxjava-reactive-streams-1.2.1.jar;D:\Java\maven\repo\org\reactivestreams\reactive-streams\1.0.2\reactive-streams-1.0.2.jar;D:\Java\maven\repo\org\springframework\cloud\spring-cloud-starter-netflix-ribbon\2.0.0.RELEASE\spring-cloud-starter-netflix-ribbon-2.0.0.RELEASE.jar;D:\Java\maven\repo\com\netflix\ribbon\ribbon\2.2.5\ribbon-2.2.5.jar;D:\Java\maven\repo\com\netflix\ribbon\ribbon-transport\2.2.5\ribbon-transport-2.2.5.jar;D:\Java\maven\repo\io\reactivex\rxnetty-contexts\0.4.9\rxnetty-contexts-0.4.9.jar;D:\Java\maven\repo\io\reactivex\rxnetty-servo\0.4.9\rxnetty-servo-0.4.9.jar;D:\Java\maven\repo\io\reactivex\rxnetty\0.4.9\rxnetty-0.4.9.jar;D:\Java\maven\repo\io\netty\netty-codec-http\4.1.29.Final\netty-codec-http-4.1.29.Final.jar;D:\Java\maven\repo\io\netty\netty-transport-native-epoll\4.1.29.Final\netty-transport-native-epoll-4.1.29.Final.jar;D:\Java\maven\repo\io\netty\netty-transport-native-unix-common\4.1.29.Final\netty-transport-native-unix-common-4.1.29.Final.jar;D:\Java\maven\repo\com\netflix\ribbon\ribbon-core\2.2.5\ribbon-core-2.2.5.jar;D:\Java\maven\repo\commons-lang\commons-lang\2.6\commons-lang-2.6.jar;D:\Java\maven\repo\com\netflix\ribbon\ribbon-httpclient\2.2.5\ribbon-httpclient-2.2.5.jar;D:\Java\maven\repo\commons-collections\commons-collections\3.2.2\commons-collections-3.2.2.jar;D:\Java\maven\repo\com\netflix\ribbon\ribbon-loadbalancer\2.2.5\ribbon-loadbalancer-2.2.5.jar;D:\Java\maven\repo\com\netflix\netflix-commons\netflix-statistics\0.1.1\netflix-statistics-0.1.1.jar;D:\Java\maven\repo\io\reactivex\rxjava\1.3.8\rxjava-1.3.8.jar;D:\Java\maven\repo\org\springframework\cloud\spring-cloud-starter-netflix-archaius\2.0.0.RELEASE\spring-cloud-starter-netflix-archaius-2.0.0.RELEASE.jar;D:\Java\maven\repo\org\springframework\cloud\spring-cloud-netflix-archaius\2.0.0.RELEASE\spring-cloud-netflix-archaius-2.0.0.RELEASE.jar;D:\Java\maven\repo\com\netflix\archaius\archaius-core\0.7.6\archaius-core-0.7.6.jar;D:\Java\maven\repo\com\google\code\findbugs\jsr305\3.0.2\jsr305-3.0.2.jar;D:\Java\maven\repo\commons-configuration\commons-configuration\1.8\commons-configuration-1.8.jar;D:\Java\maven\repo\com\netflix\zuul\zuul-core\1.3.1\zuul-core-1.3.1.jar;D:\Java\maven\repo\commons-io\commons-io\2.6\commons-io-2.6.jar;D:\Java\maven\repo\com\netflix\servo\servo-core\0.12.21\servo-core-0.12.21.jar;D:\Java\maven\repo\org\springframework\cloud\spring-cloud-starter-netflix-eureka-client\2.0.0.RELEASE\spring-cloud-starter-netflix-eureka-client-2.0.0.RELEASE.jar;D:\Java\maven\repo\org\springframework\cloud\spring-cloud-netflix-core\2.0.0.RELEASE\spring-cloud-netflix-core-2.0.0.RELEASE.jar;D:\Java\maven\repo\org\springframework\boot\spring-boot-starter-aop\2.0.5.RELEASE\spring-boot-starter-aop-2.0.5.RELEASE.jar;D:\Java\maven\repo\com\netflix\eureka\eureka-client\1.9.2\eureka-client-1.9.2.jar;D:\Java\maven\repo\org\codehaus\jettison\jettison\1.2\jettison-1.2.jar;D:\Java\maven\repo\stax\stax-api\1.0.1\stax-api-1.0.1.jar;D:\Java\maven\repo\com\netflix\netflix-commons\netflix-eventbus\0.3.0\netflix-eventbus-0.3.0.jar;D:\Java\maven\repo\com\netflix\netflix-commons\netflix-infix\0.3.0\netflix-infix-0.3.0.jar;D:\Java\maven\repo\commons-jxpath\commons-jxpath\1.3\commons-jxpath-1.3.jar;D:\Java\maven\repo\joda-time\joda-time\2.9.9\joda-time-2.9.9.jar;D:\Java\maven\repo\org\antlr\antlr-runtime\3.4\antlr-runtime-3.4.jar;D:\Java\maven\repo\org\antlr\stringtemplate\3.2.1\stringtemplate-3.2.1.jar;D:\Java\maven\repo\antlr\antlr\2.7.7\antlr-2.7.7.jar;D:\Java\maven\repo\com\google\code\gson\gson\2.8.5\gson-2.8.5.jar;D:\Java\maven\repo\org\apache\commons\commons-math\2.2\commons-math-2.2.jar;D:\Java\maven\repo\javax\ws\rs\jsr311-api\1.1.1\jsr311-api-1.1.1.jar;D:\Java\maven\repo\com\sun\jersey\jersey-core\1.19.1\jersey-core-1.19.1.jar;D:\Java\maven\repo\com\sun\jersey\jersey-client\1.19.1\jersey-client-1.19.1.jar;D:\Java\maven\repo\com\sun\jersey\contribs\jersey-apache-client4\1.19.1\jersey-apache-client4-1.19.1.jar;D:\Java\maven\repo\com\google\inject\guice\3.0\guice-3.0.jar;D:\Java\maven\repo\aopalliance\aopalliance\1.0\aopalliance-1.0.jar;D:\Java\maven\repo\com\github\vlsi\compactmap\compactmap\1.2.1\compactmap-1.2.1.jar;D:\Java\maven\repo\com\github\andrewoma\dexx\dexx-collections\0.2\dexx-collections-0.2.jar;D:\Java\maven\repo\com\netflix\eureka\eureka-core\1.9.2\eureka-core-1.9.2.jar;D:\Java\maven\repo\org\codehaus\woodstox\woodstox-core-asl\4.4.1\woodstox-core-asl-4.4.1.jar;D:\Java\maven\repo\javax\xml\stream\stax-api\1.0-2\stax-api-1.0-2.jar;D:\Java\maven\repo\com\netflix\ribbon\ribbon-eureka\2.2.5\ribbon-eureka-2.2.5.jar;D:\Java\maven\repo\com\thoughtworks\xstream\xstream\1.4.10\xstream-1.4.10.jar;D:\Java\maven\repo\xmlpull\xmlpull\1.1.3.1\xmlpull-1.1.3.1.jar;D:\Java\maven\repo\xpp3\xpp3_min\1.1.4c\xpp3_min-1.1.4c.jar;D:\Java\maven\repo\org\springframework\boot\spring-boot-devtools\2.0.5.RELEASE\spring-boot-devtools-2.0.5.RELEASE.jar;D:\Java\maven\repo\org\springframework\boot\spring-boot\2.0.5.RELEASE\spring-boot-2.0.5.RELEASE.jar;D:\Java\maven\repo\org\springframework\spring-context\5.0.9.RELEASE\spring-context-5.0.9.RELEASE.jar;D:\Java\maven\repo\org\springframework\boot\spring-boot-autoconfigure\2.0.5.RELEASE\spring-boot-autoconfigure-2.0.5.RELEASE.jar;D:\Java\maven\repo\org\springframework\boot\spring-boot-starter-test\2.0.5.RELEASE\spring-boot-starter-test-2.0.5.RELEASE.jar;D:\Java\maven\repo\org\springframework\boot\spring-boot-starter\2.0.5.RELEASE\spring-boot-starter-2.0.5.RELEASE.jar;D:\Java\maven\repo\org\springframework\boot\spring-boot-starter-logging\2.0.5.RELEASE\spring-boot-starter-logging-2.0.5.RELEASE.jar;D:\Java\maven\repo\ch\qos\logback\logback-classic\1.2.3\logback-classic-1.2.3.jar;D:\Java\maven\repo\ch\qos\logback\logback-core\1.2.3\logback-core-1.2.3.jar;D:\Java\maven\repo\org\apache\logging\log4j\log4j-to-slf4j\2.10.0\log4j-to-slf4j-2.10.0.jar;D:\Java\maven\repo\org\apache\logging\log4j\log4j-api\2.10.0\log4j-api-2.10.0.jar;D:\Java\maven\repo\org\slf4j\jul-to-slf4j\1.7.25\jul-to-slf4j-1.7.25.jar;D:\Java\maven\repo\javax\annotation\javax.annotation-api\1.3.2\javax.annotation-api-1.3.2.jar;D:\Java\maven\repo\org\yaml\snakeyaml\1.19\snakeyaml-1.19.jar;D:\Java\maven\repo\org\springframework\boot\spring-boot-test\2.0.5.RELEASE\spring-boot-test-2.0.5.RELEASE.jar;D:\Java\maven\repo\org\springframework\boot\spring-boot-test-autoconfigure\2.0.5.RELEASE\spring-boot-test-autoconfigure-2.0.5.RELEASE.jar;D:\Java\maven\repo\com\jayway\jsonpath\json-path\2.4.0\json-path-2.4.0.jar;D:\Java\maven\repo\net\minidev\json-smart\2.3\json-smart-2.3.jar;D:\Java\maven\repo\net\minidev\accessors-smart\1.2\accessors-smart-1.2.jar;D:\Java\maven\repo\org\assertj\assertj-core\3.9.1\assertj-core-3.9.1.jar;D:\Java\maven\repo\org\mockito\mockito-core\2.15.0\mockito-core-2.15.0.jar;D:\Java\maven\repo\net\bytebuddy\byte-buddy\1.7.11\byte-buddy-1.7.11.jar;D:\Java\maven\repo\net\bytebuddy\byte-buddy-agent\1.7.11\byte-buddy-agent-1.7.11.jar;D:\Java\maven\repo\org\objenesis\objenesis\2.6\objenesis-2.6.jar;D:\Java\maven\repo\org\hamcrest\hamcrest-core\1.3\hamcrest-core-1.3.jar;D:\Java\maven\repo\org\hamcrest\hamcrest-library\1.3\hamcrest-library-1.3.jar;D:\Java\maven\repo\org\skyscreamer\jsonassert\1.5.0\jsonassert-1.5.0.jar;D:\Java\maven\repo\com\vaadin\external\google\android-json\0.0.20131108.vaadin1\android-json-0.0.20131108.vaadin1.jar;D:\Java\maven\repo\org\springframework\spring-core\5.0.9.RELEASE\spring-core-5.0.9.RELEASE.jar;D:\Java\maven\repo\org\springframework\spring-jcl\5.0.9.RELEASE\spring-jcl-5.0.9.RELEASE.jar;D:\Java\maven\repo\org\springframework\spring-test\5.0.9.RELEASE\spring-test-5.0.9.RELEASE.jar;D:\Java\maven\repo\org\xmlunit\xmlunit-core\2.5.1\xmlunit-core-2.5.1.jar;D:\Java\maven\repo\com\alibaba\druid\1.1.10\druid-1.1.10.jar;D:\Java\maven\repo\mysql\mysql-connector-java\6.0.6\mysql-connector-java-6.0.6.jar;D:\Java\maven\repo\org\springframework\boot\spring-boot-starter-data-redis\2.0.5.RELEASE\spring-boot-starter-data-redis-2.0.5.RELEASE.jar;D:\Java\maven\repo\org\springframework\data\spring-data-redis\2.0.10.RELEASE\spring-data-redis-2.0.10.RELEASE.jar;D:\Java\maven\repo\org\springframework\data\spring-data-keyvalue\2.0.10.RELEASE\spring-data-keyvalue-2.0.10.RELEASE.jar;D:\Java\maven\repo\org\springframework\data\spring-data-commons\2.0.10.RELEASE\spring-data-commons-2.0.10.RELEASE.jar;D:\Java\maven\repo\org\springframework\spring-tx\5.0.9.RELEASE\spring-tx-5.0.9.RELEASE.jar;D:\Java\maven\repo\org\springframework\spring-oxm\5.0.9.RELEASE\spring-oxm-5.0.9.RELEASE.jar;D:\Java\maven\repo\org\springframework\spring-aop\5.0.9.RELEASE\spring-aop-5.0.9.RELEASE.jar;D:\Java\maven\repo\org\springframework\spring-context-support\5.0.9.RELEASE\spring-context-support-5.0.9.RELEASE.jar;D:\Java\maven\repo\io\lettuce\lettuce-core\5.0.5.RELEASE\lettuce-core-5.0.5.RELEASE.jar;D:\Java\maven\repo\io\projectreactor\reactor-core\3.1.9.RELEASE\reactor-core-3.1.9.RELEASE.jar;D:\Java\maven\repo\io\netty\netty-common\4.1.29.Final\netty-common-4.1.29.Final.jar;D:\Java\maven\repo\io\netty\netty-transport\4.1.29.Final\netty-transport-4.1.29.Final.jar;D:\Java\maven\repo\io\netty\netty-buffer\4.1.29.Final\netty-buffer-4.1.29.Final.jar;D:\Java\maven\repo\io\netty\netty-resolver\4.1.29.Final\netty-resolver-4.1.29.Final.jar;D:\Java\maven\repo\io\netty\netty-handler\4.1.29.Final\netty-handler-4.1.29.Final.jar;D:\Java\maven\repo\io\netty\netty-codec\4.1.29.Final\netty-codec-4.1.29.Final.jar;D:\Java\maven\repo\com\fasterxml\jackson\dataformat\jackson-dataformat-xml\2.9.6\jackson-dataformat-xml-2.9.6.jar;D:\Java\maven\repo\com\fasterxml\jackson\core\jackson-core\2.9.6\jackson-core-2.9.6.jar;D:\Java\maven\repo\com\fasterxml\jackson\core\jackson-annotations\2.9.0\jackson-annotations-2.9.0.jar;D:\Java\maven\repo\com\fasterxml\jackson\core\jackson-databind\2.9.6\jackson-databind-2.9.6.jar;D:\Java\maven\repo\com\fasterxml\jackson\module\jackson-module-jaxb-annotations\2.9.6\jackson-module-jaxb-annotations-2.9.6.jar;D:\Java\maven\repo\org\codehaus\woodstox\stax2-api\3.1.4\stax2-api-3.1.4.jar;D:\Java\maven\repo\com\fasterxml\woodstox\woodstox-core\5.0.3\woodstox-core-5.0.3.jar;D:\Java\maven\repo\io\springfox\springfox-swagger2\2.8.0\springfox-swagger2-2.8.0.jar;D:\Java\maven\repo\io\swagger\swagger-annotations\1.5.14\swagger-annotations-1.5.14.jar;D:\Java\maven\repo\io\swagger\swagger-models\1.5.14\swagger-models-1.5.14.jar;D:\Java\maven\repo\io\springfox\springfox-spi\2.8.0\springfox-spi-2.8.0.jar;D:\Java\maven\repo\io\springfox\springfox-core\2.8.0\springfox-core-2.8.0.jar;D:\Java\maven\repo\io\springfox\springfox-schema\2.8.0\springfox-schema-2.8.0.jar;D:\Java\maven\repo\io\springfox\springfox-swagger-common\2.8.0\springfox-swagger-common-2.8.0.jar;D:\Java\maven\repo\io\springfox\springfox-spring-web\2.8.0\springfox-spring-web-2.8.0.jar;D:\Java\maven\repo\org\reflections\reflections\0.9.11\reflections-0.9.11.jar;D:\Java\maven\repo\org\javassist\javassist\3.21.0-GA\javassist-3.21.0-GA.jar;D:\Java\maven\repo\com\google\guava\guava\20.0\guava-20.0.jar;D:\Java\maven\repo\com\fasterxml\classmate\1.3.4\classmate-1.3.4.jar;D:\Java\maven\repo\org\slf4j\slf4j-api\1.7.25\slf4j-api-1.7.25.jar;D:\Java\maven\repo\org\springframework\plugin\spring-plugin-core\1.2.0.RELEASE\spring-plugin-core-1.2.0.RELEASE.jar;D:\Java\maven\repo\org\springframework\spring-beans\5.0.9.RELEASE\spring-beans-5.0.9.RELEASE.jar;D:\Java\maven\repo\org\springframework\plugin\spring-plugin-metadata\1.2.0.RELEASE\spring-plugin-metadata-1.2.0.RELEASE.jar;D:\Java\maven\repo\org\mapstruct\mapstruct\1.2.0.Final\mapstruct-1.2.0.Final.jar;D:\Java\maven\repo\io\springfox\springfox-swagger-ui\2.8.0\springfox-swagger-ui-2.8.0.jar;D:\Java\maven\repo\org\springframework\cloud\spring-cloud-netflix-eureka-client\2.0.0.RELEASE\spring-cloud-netflix-eureka-client-2.0.0.RELEASE.jar;D:\Java\maven\repo\org\projectlombok\lombok\1.16.18\lombok-1.16.18.jar;D:\Java\maven\repo\org\apache\commons\commons-collections4\4.1\commons-collections4-4.1.jar;D:\Java\maven\repo\com\alibaba\fastjson\1.2.39\fastjson-1.2.39.jar;D:\Java\maven\repo\junit\junit\4.12\junit-4.12.jar;D:\Java\maven\repo\org\springframework\boot\spring-boot-starter-web\2.0.5.RELEASE\spring-boot-starter-web-2.0.5.RELEASE.jar;D:\Java\maven\repo\org\springframework\boot\spring-boot-starter-json\2.0.5.RELEASE\spring-boot-starter-json-2.0.5.RELEASE.jar;D:\Java\maven\repo\com\fasterxml\jackson\datatype\jackson-datatype-jdk8\2.9.6\jackson-datatype-jdk8-2.9.6.jar;D:\Java\maven\repo\com\fasterxml\jackson\datatype\jackson-datatype-jsr310\2.9.6\jackson-datatype-jsr310-2.9.6.jar;D:\Java\maven\repo\com\fasterxml\jackson\module\jackson-module-parameter-names\2.9.6\jackson-module-parameter-names-2.9.6.jar;D:\Java\maven\repo\org\springframework\boot\spring-boot-starter-tomcat\2.0.5.RELEASE\spring-boot-starter-tomcat-2.0.5.RELEASE.jar;D:\Java\maven\repo\org\apache\tomcat\embed\tomcat-embed-core\8.5.34\tomcat-embed-core-8.5.34.jar;D:\Java\maven\repo\org\apache\tomcat\embed\tomcat-embed-el\8.5.34\tomcat-embed-el-8.5.34.jar;D:\Java\maven\repo\org\apache\tomcat\embed\tomcat-embed-websocket\8.5.34\tomcat-embed-websocket-8.5.34.jar;D:\Java\maven\repo\org\hibernate\validator\hibernate-validator\6.0.12.Final\hibernate-validator-6.0.12.Final.jar;D:\Java\maven\repo\javax\validation\validation-api\2.0.1.Final\validation-api-2.0.1.Final.jar;D:\Java\maven\repo\org\jboss\logging\jboss-logging\3.3.2.Final\jboss-logging-3.3.2.Final.jar;D:\Java\maven\repo\org\springframework\spring-web\5.0.9.RELEASE\spring-web-5.0.9.RELEASE.jar;D:\Java\maven\repo\org\springframework\spring-webmvc\5.0.9.RELEASE\spring-webmvc-5.0.9.RELEASE.jar;D:\Java\maven\repo\org\springframework\spring-expression\5.0.9.RELEASE\spring-expression-5.0.9.RELEASE.jar;, java.specification.name=Java Platform API Specification, java.class.version=52.0, sun.management.compiler=HotSpot 64-Bit Tiered Compilers, maven.repo.local=D:\Java\maven\repo, os.version=10.0, user.home=C:\Users\Administrator, user.timezone=Asia/Shanghai, java.awt.printerjob=sun.awt.windows.WPrinterJob, file.encoding=GBK, java.specification.version=1.8, java.class.path=D:\IdeaProjects\open-smartcloud\api-gateway\target\test-classes;D:\IdeaProjects\open-smartcloud\api-gateway\target\classes;D:\Java\maven\repo\org\springframework\cloud\spring-cloud-starter-netflix-zuul\2.0.0.RELEASE\spring-cloud-starter-netflix-zuul-2.0.0.RELEASE.jar;D:\Java\maven\repo\org\springframework\cloud\spring-cloud-netflix-zuul\2.0.0.RELEASE\spring-cloud-netflix-zuul-2.0.0.RELEASE.jar;D:\Java\maven\repo\org\apache\httpcomponents\httpclient\4.5.6\httpclient-4.5.6.jar;D:\Java\maven\repo\org\apache\httpcomponents\httpcore\4.4.10\httpcore-4.4.10.jar;D:\Java\maven\repo\commons-codec\commons-codec\1.11\commons-codec-1.11.jar;D:\Java\maven\repo\com\netflix\netflix-commons\netflix-commons-util\0.3.0\netflix-commons-util-0.3.0.jar;D:\Java\maven\repo\javax\inject\javax.inject\1\javax.inject-1.jar;D:\Java\maven\repo\org\springframework\cloud\spring-cloud-starter\2.0.0.RELEASE\spring-cloud-starter-2.0.0.RELEASE.jar;D:\Java\maven\repo\org\springframework\cloud\spring-cloud-context\2.0.0.RELEASE\spring-cloud-context-2.0.0.RELEASE.jar;D:\Java\maven\repo\org\springframework\security\spring-security-crypto\5.0.8.RELEASE\spring-security-crypto-5.0.8.RELEASE.jar;D:\Java\maven\repo\org\springframework\cloud\spring-cloud-commons\2.0.0.RELEASE\spring-cloud-commons-2.0.0.RELEASE.jar;D:\Java\maven\repo\org\springframework\security\spring-security-rsa\1.0.5.RELEASE\spring-security-rsa-1.0.5.RELEASE.jar;D:\Java\maven\repo\org\bouncycastle\bcpkix-jdk15on\1.59\bcpkix-jdk15on-1.59.jar;D:\Java\maven\repo\org\bouncycastle\bcprov-jdk15on\1.59\bcprov-jdk15on-1.59.jar;D:\Java\maven\repo\org\springframework\boot\spring-boot-starter-actuator\2.0.5.RELEASE\spring-boot-starter-actuator-2.0.5.RELEASE.jar;D:\Java\maven\repo\org\springframework\boot\spring-boot-actuator-autoconfigure\2.0.5.RELEASE\spring-boot-actuator-autoconfigure-2.0.5.RELEASE.jar;D:\Java\maven\repo\org\springframework\boot\spring-boot-actuator\2.0.5.RELEASE\spring-boot-actuator-2.0.5.RELEASE.jar;D:\Java\maven\repo\io\micrometer\micrometer-core\1.0.6\micrometer-core-1.0.6.jar;D:\Java\maven\repo\org\hdrhistogram\HdrHistogram\2.1.10\HdrHistogram-2.1.10.jar;D:\Java\maven\repo\org\latencyutils\LatencyUtils\2.0.3\LatencyUtils-2.0.3.jar;D:\Java\maven\repo\org\springframework\cloud\spring-cloud-starter-netflix-hystrix\2.0.0.RELEASE\spring-cloud-starter-netflix-hystrix-2.0.0.RELEASE.jar;D:\Java\maven\repo\org\springframework\cloud\spring-cloud-netflix-ribbon\2.0.0.RELEASE\spring-cloud-netflix-ribbon-2.0.0.RELEASE.jar;D:\Java\maven\repo\com\netflix\hystrix\hystrix-core\1.5.12\hystrix-core-1.5.12.jar;D:\Java\maven\repo\com\netflix\hystrix\hystrix-serialization\1.5.12\hystrix-serialization-1.5.12.jar;D:\Java\maven\repo\com\fasterxml\jackson\module\jackson-module-afterburner\2.9.6\jackson-module-afterburner-2.9.6.jar;D:\Java\maven\repo\com\netflix\hystrix\hystrix-metrics-event-stream\1.5.12\hystrix-metrics-event-stream-1.5.12.jar;D:\Java\maven\repo\com\netflix\hystrix\hystrix-javanica\1.5.12\hystrix-javanica-1.5.12.jar;D:\Java\maven\repo\org\apache\commons\commons-lang3\3.7\commons-lang3-3.7.jar;D:\Java\maven\repo\org\ow2\asm\asm\5.0.4\asm-5.0.4.jar;D:\Java\maven\repo\org\aspectj\aspectjweaver\1.8.13\aspectjweaver-1.8.13.jar;D:\Java\maven\repo\io\reactivex\rxjava-reactive-streams\1.2.1\rxjava-reactive-streams-1.2.1.jar;D:\Java\maven\repo\org\reactivestreams\reactive-streams\1.0.2\reactive-streams-1.0.2.jar;D:\Java\maven\repo\org\springframework\cloud\spring-cloud-starter-netflix-ribbon\2.0.0.RELEASE\spring-cloud-starter-netflix-ribbon-2.0.0.RELEASE.jar;D:\Java\maven\repo\com\netflix\ribbon\ribbon\2.2.5\ribbon-2.2.5.jar;D:\Java\maven\repo\com\netflix\ribbon\ribbon-transport\2.2.5\ribbon-transport-2.2.5.jar;D:\Java\maven\repo\io\reactivex\rxnetty-contexts\0.4.9\rxnetty-contexts-0.4.9.jar;D:\Java\maven\repo\io\reactivex\rxnetty-servo\0.4.9\rxnetty-servo-0.4.9.jar;D:\Java\maven\repo\io\reactivex\rxnetty\0.4.9\rxnetty-0.4.9.jar;D:\Java\maven\repo\io\netty\netty-codec-http\4.1.29.Final\netty-codec-http-4.1.29.Final.jar;D:\Java\maven\repo\io\netty\netty-transport-native-epoll\4.1.29.Final\netty-transport-native-epoll-4.1.29.Final.jar;D:\Java\maven\repo\io\netty\netty-transport-native-unix-common\4.1.29.Final\netty-transport-native-unix-common-4.1.29.Final.jar;D:\Java\maven\repo\com\netflix\ribbon\ribbon-core\2.2.5\ribbon-core-2.2.5.jar;D:\Java\maven\repo\commons-lang\commons-lang\2.6\commons-lang-2.6.jar;D:\Java\maven\repo\com\netflix\ribbon\ribbon-httpclient\2.2.5\ribbon-httpclient-2.2.5.jar;D:\Java\maven\repo\commons-collections\commons-collections\3.2.2\commons-collections-3.2.2.jar;D:\Java\maven\repo\com\netflix\ribbon\ribbon-loadbalancer\2.2.5\ribbon-loadbalancer-2.2.5.jar;D:\Java\maven\repo\com\netflix\netflix-commons\netflix-statistics\0.1.1\netflix-statistics-0.1.1.jar;D:\Java\maven\repo\io\reactivex\rxjava\1.3.8\rxjava-1.3.8.jar;D:\Java\maven\repo\org\springframework\cloud\spring-cloud-starter-netflix-archaius\2.0.0.RELEASE\spring-cloud-starter-netflix-archaius-2.0.0.RELEASE.jar;D:\Java\maven\repo\org\springframework\cloud\spring-cloud-netflix-archaius\2.0.0.RELEASE\spring-cloud-netflix-archaius-2.0.0.RELEASE.jar;D:\Java\maven\repo\com\netflix\archaius\archaius-core\0.7.6\archaius-core-0.7.6.jar;D:\Java\maven\repo\com\google\code\findbugs\jsr305\3.0.2\jsr305-3.0.2.jar;D:\Java\maven\repo\commons-configuration\commons-configuration\1.8\commons-configuration-1.8.jar;D:\Java\maven\repo\com\netflix\zuul\zuul-core\1.3.1\zuul-core-1.3.1.jar;D:\Java\maven\repo\commons-io\commons-io\2.6\commons-io-2.6.jar;D:\Java\maven\repo\com\netflix\servo\servo-core\0.12.21\servo-core-0.12.21.jar;D:\Java\maven\repo\org\springframework\cloud\spring-cloud-starter-netflix-eureka-client\2.0.0.RELEASE\spring-cloud-starter-netflix-eureka-client-2.0.0.RELEASE.jar;D:\Java\maven\repo\org\springframework\cloud\spring-cloud-netflix-core\2.0.0.RELEASE\spring-cloud-netflix-core-2.0.0.RELEASE.jar;D:\Java\maven\repo\org\springframework\boot\spring-boot-starter-aop\2.0.5.RELEASE\spring-boot-starter-aop-2.0.5.RELEASE.jar;D:\Java\maven\repo\com\netflix\eureka\eureka-client\1.9.2\eureka-client-1.9.2.jar;D:\Java\maven\repo\org\codehaus\jettison\jettison\1.2\jettison-1.2.jar;D:\Java\maven\repo\stax\stax-api\1.0.1\stax-api-1.0.1.jar;D:\Java\maven\repo\com\netflix\netflix-commons\netflix-eventbus\0.3.0\netflix-eventbus-0.3.0.jar;D:\Java\maven\repo\com\netflix\netflix-commons\netflix-infix\0.3.0\netflix-infix-0.3.0.jar;D:\Java\maven\repo\commons-jxpath\commons-jxpath\1.3\commons-jxpath-1.3.jar;D:\Java\maven\repo\joda-time\joda-time\2.9.9\joda-time-2.9.9.jar;D:\Java\maven\repo\org\antlr\antlr-runtime\3.4\antlr-runtime-3.4.jar;D:\Java\maven\repo\org\antlr\stringtemplate\3.2.1\stringtemplate-3.2.1.jar;D:\Java\maven\repo\antlr\antlr\2.7.7\antlr-2.7.7.jar;D:\Java\maven\repo\com\google\code\gson\gson\2.8.5\gson-2.8.5.jar;D:\Java\maven\repo\org\apache\commons\commons-math\2.2\commons-math-2.2.jar;D:\Java\maven\repo\javax\ws\rs\jsr311-api\1.1.1\jsr311-api-1.1.1.jar;D:\Java\maven\repo\com\sun\jersey\jersey-core\1.19.1\jersey-core-1.19.1.jar;D:\Java\maven\repo\com\sun\jersey\jersey-client\1.19.1\jersey-client-1.19.1.jar;D:\Java\maven\repo\com\sun\jersey\contribs\jersey-apache-client4\1.19.1\jersey-apache-client4-1.19.1.jar;D:\Java\maven\repo\com\google\inject\guice\3.0\guice-3.0.jar;D:\Java\maven\repo\aopalliance\aopalliance\1.0\aopalliance-1.0.jar;D:\Java\maven\repo\com\github\vlsi\compactmap\compactmap\1.2.1\compactmap-1.2.1.jar;D:\Java\maven\repo\com\github\andrewoma\dexx\dexx-collections\0.2\dexx-collections-0.2.jar;D:\Java\maven\repo\com\netflix\eureka\eureka-core\1.9.2\eureka-core-1.9.2.jar;D:\Java\maven\repo\org\codehaus\woodstox\woodstox-core-asl\4.4.1\woodstox-core-asl-4.4.1.jar;D:\Java\maven\repo\javax\xml\stream\stax-api\1.0-2\stax-api-1.0-2.jar;D:\Java\maven\repo\com\netflix\ribbon\ribbon-eureka\2.2.5\ribbon-eureka-2.2.5.jar;D:\Java\maven\repo\com\thoughtworks\xstream\xstream\1.4.10\xstream-1.4.10.jar;D:\Java\maven\repo\xmlpull\xmlpull\1.1.3.1\xmlpull-1.1.3.1.jar;D:\Java\maven\repo\xpp3\xpp3_min\1.1.4c\xpp3_min-1.1.4c.jar;D:\Java\maven\repo\org\springframework\boot\spring-boot-devtools\2.0.5.RELEASE\spring-boot-devtools-2.0.5.RELEASE.jar;D:\Java\maven\repo\org\springframework\boot\spring-boot\2.0.5.RELEASE\spring-boot-2.0.5.RELEASE.jar;D:\Java\maven\repo\org\springframework\spring-context\5.0.9.RELEASE\spring-context-5.0.9.RELEASE.jar;D:\Java\maven\repo\org\springframework\boot\spring-boot-autoconfigure\2.0.5.RELEASE\spring-boot-autoconfigure-2.0.5.RELEASE.jar;D:\Java\maven\repo\org\springframework\boot\spring-boot-starter-test\2.0.5.RELEASE\spring-boot-starter-test-2.0.5.RELEASE.jar;D:\Java\maven\repo\org\springframework\boot\spring-boot-starter\2.0.5.RELEASE\spring-boot-starter-2.0.5.RELEASE.jar;D:\Java\maven\repo\org\springframework\boot\spring-boot-starter-logging\2.0.5.RELEASE\spring-boot-starter-logging-2.0.5.RELEASE.jar;D:\Java\maven\repo\ch\qos\logback\logback-classic\1.2.3\logback-classic-1.2.3.jar;D:\Java\maven\repo\ch\qos\logback\logback-core\1.2.3\logback-core-1.2.3.jar;D:\Java\maven\repo\org\apache\logging\log4j\log4j-to-slf4j\2.10.0\log4j-to-slf4j-2.10.0.jar;D:\Java\maven\repo\org\apache\logging\log4j\log4j-api\2.10.0\log4j-api-2.10.0.jar;D:\Java\maven\repo\org\slf4j\jul-to-slf4j\1.7.25\jul-to-slf4j-1.7.25.jar;D:\Java\maven\repo\javax\annotation\javax.annotation-api\1.3.2\javax.annotation-api-1.3.2.jar;D:\Java\maven\repo\org\yaml\snakeyaml\1.19\snakeyaml-1.19.jar;D:\Java\maven\repo\org\springframework\boot\spring-boot-test\2.0.5.RELEASE\spring-boot-test-2.0.5.RELEASE.jar;D:\Java\maven\repo\org\springframework\boot\spring-boot-test-autoconfigure\2.0.5.RELEASE\spring-boot-test-autoconfigure-2.0.5.RELEASE.jar;D:\Java\maven\repo\com\jayway\jsonpath\json-path\2.4.0\json-path-2.4.0.jar;D:\Java\maven\repo\net\minidev\json-smart\2.3\json-smart-2.3.jar;D:\Java\maven\repo\net\minidev\accessors-smart\1.2\accessors-smart-1.2.jar;D:\Java\maven\repo\org\assertj\assertj-core\3.9.1\assertj-core-3.9.1.jar;D:\Java\maven\repo\org\mockito\mockito-core\2.15.0\mockito-core-2.15.0.jar;D:\Java\maven\repo\net\bytebuddy\byte-buddy\1.7.11\byte-buddy-1.7.11.jar;D:\Java\maven\repo\net\bytebuddy\byte-buddy-agent\1.7.11\byte-buddy-agent-1.7.11.jar;D:\Java\maven\repo\org\objenesis\objenesis\2.6\objenesis-2.6.jar;D:\Java\maven\repo\org\hamcrest\hamcrest-core\1.3\hamcrest-core-1.3.jar;D:\Java\maven\repo\org\hamcrest\hamcrest-library\1.3\hamcrest-library-1.3.jar;D:\Java\maven\repo\org\skyscreamer\jsonassert\1.5.0\jsonassert-1.5.0.jar;D:\Java\maven\repo\com\vaadin\external\google\android-json\0.0.20131108.vaadin1\android-json-0.0.20131108.vaadin1.jar;D:\Java\maven\repo\org\springframework\spring-core\5.0.9.RELEASE\spring-core-5.0.9.RELEASE.jar;D:\Java\maven\repo\org\springframework\spring-jcl\5.0.9.RELEASE\spring-jcl-5.0.9.RELEASE.jar;D:\Java\maven\repo\org\springframework\spring-test\5.0.9.RELEASE\spring-test-5.0.9.RELEASE.jar;D:\Java\maven\repo\org\xmlunit\xmlunit-core\2.5.1\xmlunit-core-2.5.1.jar;D:\Java\maven\repo\com\alibaba\druid\1.1.10\druid-1.1.10.jar;D:\Java\maven\repo\mysql\mysql-connector-java\6.0.6\mysql-connector-java-6.0.6.jar;D:\Java\maven\repo\org\springframework\boot\spring-boot-starter-data-redis\2.0.5.RELEASE\spring-boot-starter-data-redis-2.0.5.RELEASE.jar;D:\Java\maven\repo\org\springframework\data\spring-data-redis\2.0.10.RELEASE\spring-data-redis-2.0.10.RELEASE.jar;D:\Java\maven\repo\org\springframework\data\spring-data-keyvalue\2.0.10.RELEASE\spring-data-keyvalue-2.0.10.RELEASE.jar;D:\Java\maven\repo\org\springframework\data\spring-data-commons\2.0.10.RELEASE\spring-data-commons-2.0.10.RELEASE.jar;D:\Java\maven\repo\org\springframework\spring-tx\5.0.9.RELEASE\spring-tx-5.0.9.RELEASE.jar;D:\Java\maven\repo\org\springframework\spring-oxm\5.0.9.RELEASE\spring-oxm-5.0.9.RELEASE.jar;D:\Java\maven\repo\org\springframework\spring-aop\5.0.9.RELEASE\spring-aop-5.0.9.RELEASE.jar;D:\Java\maven\repo\org\springframework\spring-context-support\5.0.9.RELEASE\spring-context-support-5.0.9.RELEASE.jar;D:\Java\maven\repo\io\lettuce\lettuce-core\5.0.5.RELEASE\lettuce-core-5.0.5.RELEASE.jar;D:\Java\maven\repo\io\projectreactor\reactor-core\3.1.9.RELEASE\reactor-core-3.1.9.RELEASE.jar;D:\Java\maven\repo\io\netty\netty-common\4.1.29.Final\netty-common-4.1.29.Final.jar;D:\Java\maven\repo\io\netty\netty-transport\4.1.29.Final\netty-transport-4.1.29.Final.jar;D:\Java\maven\repo\io\netty\netty-buffer\4.1.29.Final\netty-buffer-4.1.29.Final.jar;D:\Java\maven\repo\io\netty\netty-resolver\4.1.29.Final\netty-resolver-4.1.29.Final.jar;D:\Java\maven\repo\io\netty\netty-handler\4.1.29.Final\netty-handler-4.1.29.Final.jar;D:\Java\maven\repo\io\netty\netty-codec\4.1.29.Final\netty-codec-4.1.29.Final.jar;D:\Java\maven\repo\com\fasterxml\jackson\dataformat\jackson-dataformat-xml\2.9.6\jackson-dataformat-xml-2.9.6.jar;D:\Java\maven\repo\com\fasterxml\jackson\core\jackson-core\2.9.6\jackson-core-2.9.6.jar;D:\Java\maven\repo\com\fasterxml\jackson\core\jackson-annotations\2.9.0\jackson-annotations-2.9.0.jar;D:\Java\maven\repo\com\fasterxml\jackson\core\jackson-databind\2.9.6\jackson-databind-2.9.6.jar;D:\Java\maven\repo\com\fasterxml\jackson\module\jackson-module-jaxb-annotations\2.9.6\jackson-module-jaxb-annotations-2.9.6.jar;D:\Java\maven\repo\org\codehaus\woodstox\stax2-api\3.1.4\stax2-api-3.1.4.jar;D:\Java\maven\repo\com\fasterxml\woodstox\woodstox-core\5.0.3\woodstox-core-5.0.3.jar;D:\Java\maven\repo\io\springfox\springfox-swagger2\2.8.0\springfox-swagger2-2.8.0.jar;D:\Java\maven\repo\io\swagger\swagger-annotations\1.5.14\swagger-annotations-1.5.14.jar;D:\Java\maven\repo\io\swagger\swagger-models\1.5.14\swagger-models-1.5.14.jar;D:\Java\maven\repo\io\springfox\springfox-spi\2.8.0\springfox-spi-2.8.0.jar;D:\Java\maven\repo\io\springfox\springfox-core\2.8.0\springfox-core-2.8.0.jar;D:\Java\maven\repo\io\springfox\springfox-schema\2.8.0\springfox-schema-2.8.0.jar;D:\Java\maven\repo\io\springfox\springfox-swagger-common\2.8.0\springfox-swagger-common-2.8.0.jar;D:\Java\maven\repo\io\springfox\springfox-spring-web\2.8.0\springfox-spring-web-2.8.0.jar;D:\Java\maven\repo\org\reflections\reflections\0.9.11\reflections-0.9.11.jar;D:\Java\maven\repo\org\javassist\javassist\3.21.0-GA\javassist-3.21.0-GA.jar;D:\Java\maven\repo\com\google\guava\guava\20.0\guava-20.0.jar;D:\Java\maven\repo\com\fasterxml\classmate\1.3.4\classmate-1.3.4.jar;D:\Java\maven\repo\org\slf4j\slf4j-api\1.7.25\slf4j-api-1.7.25.jar;D:\Java\maven\repo\org\springframework\plugin\spring-plugin-core\1.2.0.RELEASE\spring-plugin-core-1.2.0.RELEASE.jar;D:\Java\maven\repo\org\springframework\spring-beans\5.0.9.RELEASE\spring-beans-5.0.9.RELEASE.jar;D:\Java\maven\repo\org\springframework\plugin\spring-plugin-metadata\1.2.0.RELEASE\spring-plugin-metadata-1.2.0.RELEASE.jar;D:\Java\maven\repo\org\mapstruct\mapstruct\1.2.0.Final\mapstruct-1.2.0.Final.jar;D:\Java\maven\repo\io\springfox\springfox-swagger-ui\2.8.0\springfox-swagger-ui-2.8.0.jar;D:\Java\maven\repo\org\springframework\cloud\spring-cloud-netflix-eureka-client\2.0.0.RELEASE\spring-cloud-netflix-eureka-client-2.0.0.RELEASE.jar;D:\Java\maven\repo\org\projectlombok\lombok\1.16.18\lombok-1.16.18.jar;D:\Java\maven\repo\org\apache\commons\commons-collections4\4.1\commons-collections4-4.1.jar;D:\Java\maven\repo\com\alibaba\fastjson\1.2.39\fastjson-1.2.39.jar;D:\Java\maven\repo\junit\junit\4.12\junit-4.12.jar;D:\Java\maven\repo\org\springframework\boot\spring-boot-starter-web\2.0.5.RELEASE\spring-boot-starter-web-2.0.5.RELEASE.jar;D:\Java\maven\repo\org\springframework\boot\spring-boot-starter-json\2.0.5.RELEASE\spring-boot-starter-json-2.0.5.RELEASE.jar;D:\Java\maven\repo\com\fasterxml\jackson\datatype\jackson-datatype-jdk8\2.9.6\jackson-datatype-jdk8-2.9.6.jar;D:\Java\maven\repo\com\fasterxml\jackson\datatype\jackson-datatype-jsr310\2.9.6\jackson-datatype-jsr310-2.9.6.jar;D:\Java\maven\repo\com\fasterxml\jackson\module\jackson-module-parameter-names\2.9.6\jackson-module-parameter-names-2.9.6.jar;D:\Java\maven\repo\org\springframework\boot\spring-boot-starter-tomcat\2.0.5.RELEASE\spring-boot-starter-tomcat-2.0.5.RELEASE.jar;D:\Java\maven\repo\org\apache\tomcat\embed\tomcat-embed-core\8.5.34\tomcat-embed-core-8.5.34.jar;D:\Java\maven\repo\org\apache\tomcat\embed\tomcat-embed-el\8.5.34\tomcat-embed-el-8.5.34.jar;D:\Java\maven\repo\org\apache\tomcat\embed\tomcat-embed-websocket\8.5.34\tomcat-embed-websocket-8.5.34.jar;D:\Java\maven\repo\org\hibernate\validator\hibernate-validator\6.0.12.Final\hibernate-validator-6.0.12.Final.jar;D:\Java\maven\repo\javax\validation\validation-api\2.0.1.Final\validation-api-2.0.1.Final.jar;D:\Java\maven\repo\org\jboss\logging\jboss-logging\3.3.2.Final\jboss-logging-3.3.2.Final.jar;D:\Java\maven\repo\org\springframework\spring-web\5.0.9.RELEASE\spring-web-5.0.9.RELEASE.jar;D:\Java\maven\repo\org\springframework\spring-webmvc\5.0.9.RELEASE\spring-webmvc-5.0.9.RELEASE.jar;D:\Java\maven\repo\org\springframework\spring-expression\5.0.9.RELEASE\spring-expression-5.0.9.RELEASE.jar;, user.name=Administrator, java.vm.specification.version=1.8, sun.java.command=C:\Users\ADMINI~1\AppData\Local\Temp\surefire357717404565706612\surefirebooter4267606026299814989.jar C:\Users\Administrator\AppData\Local\Temp\surefire357717404565706612 2018-09-27T14-09-11_833-jvmRun1 surefire3730343916191001960tmp surefire_06894529335702697863tmp, java.home=D:\Java\jdk1.8\jre, sun.arch.data.model=64, user.language=zh, java.specification.vendor=Oracle Corporation, awt.toolkit=sun.awt.windows.WToolkit, java.vm.info=mixed mode, java.version=1.8.0_161, java.ext.dirs=D:\Java\jdk1.8\jre\lib\ext;C:\Windows\Sun\Java\lib\ext, sun.boot.class.path=D:\Java\jdk1.8\jre\lib\resources.jar;D:\Java\jdk1.8\jre\lib\rt.jar;D:\Java\jdk1.8\jre\lib\sunrsasign.jar;D:\Java\jdk1.8\jre\lib\jsse.jar;D:\Java\jdk1.8\jre\lib\jce.jar;D:\Java\jdk1.8\jre\lib\charsets.jar;D:\Java\jdk1.8\jre\lib\jfr.jar;D:\Java\jdk1.8\jre\classes, java.vendor=Oracle Corporation, localRepository=D:\Java\maven\repo, file.separator=\, java.vendor.url.bug=http://bugreport.sun.com/bugreport/, sun.io.unicode.encoding=UnicodeLittle, sun.cpu.endian=little, sun.desktop=windows, sun.cpu.isalist=amd64}}, SystemEnvironmentPropertySource@846947180 {name='systemEnvironment', properties={PATH=F:\app\Administrator\product\11.2.0\client_1;C:\ProgramData\Oracle\Java\javapath;C:\Windows\system32;C:\Windows;C:\Windows\System32\Wbem;C:\Windows\System32\WindowsPowerShell\v1.0\;C:\Program Files (x86)\NVIDIA Corporation\PhysX\Common;C:\Users\Administrator\.dnx\bin;C:\Program Files\Microsoft DNX\Dnvm\;C:\Program Files\Microsoft SQL Server\120\Tools\Binn\;C:\Program Files\nodejs\;C:\Program Files\dotnet\;C:\Program Files (x86)\dotnet\;C:\Program Files\Microsoft SQL Server\130\Tools\Binn\;C:\Program Files\Microsoft SQL Server\110\DTS\Binn\;C:\Program Files (x86)\Microsoft SQL Server\110\Tools\Binn\;C:\Program Files\Microsoft SQL Server\110\Tools\Binn\;C:\Program Files (x86)\Microsoft SQL Server\110\Tools\Binn\ManagementStudio\;C:\Program Files (x86)\Microsoft Visual Studio 10.0\Common7\IDE\PrivateAssemblies\;C:\Program Files (x86)\Microsoft SQL Server\110\DTS\Binn\;C:\Program Files\TortoiseSVN\bin;D:\tool\gradle-4.6\bin;D:\Java\maven\bin;D:\Program Files\JetBrains\IntelliJ IDEA 2017.2.7\bin;D:\Java\jdk1.8\bin;C:\Program Files\WinRAR;C:\Users\Administrator\.dnx\bin;C:\Users\Administrator\AppData\Local\Microsoft\WindowsApps;C:\Program Files\Microsoft VS Code\bin;D:\node.js\node_global;E:\emgucv-windesktop 3.3.0.2824\bin\x64;E:\emgucv-windesktop 3.3.0.2824\bin\x86;C:\Users\Administrator\AppData\Local\GitHubDesktop\bin;D:\Program Files (x86)\SSH Communications Security\SSH Secure Shell, USERDOMAIN_ROAMINGPROFILE=WIN10-20180115C, LOCALAPPDATA=C:\Users\Administrator\AppData\Local, PROCESSOR_LEVEL=6, SYSTEMDRIVE=C:, COMMONPROGRAMFILES(X86)=C:\Program Files (x86)\Common Files, VS140COMNTOOLS=C:\Program Files (x86)\Microsoft Visual Studio 14.0\Common7\Tools\, USERDOMAIN=WIN10-20180115C, LOGONSERVER=\\WIN10-20180115C, JAVA_HOME=D:\Java\jdk1.8, PROMPT=$P$G, FSHARPINSTALLDIR=C:\Program Files (x86)\Microsoft SDKs\F#\10.1\Framework\v4.0\, ALLUSERSPROFILE=C:\ProgramData, PROGRAMFILES(X86)=C:\Program Files (x86), PROCESSOR_ARCHITECTURE=AMD64, DNX_HOME=C:\Users\Administrator\.dnx, VS120COMNTOOLS=C:\Program Files (x86)\Microsoft Visual Studio 12.0\Common7\Tools\, GRADLE_HOME=D:\tool\gradle-4.6, PROGRAMFILES=C:\Program Files, APPDATA=C:\Users\Administrator\AppData\Roaming, PSMODULEPATH=C:\Program Files\WindowsPowerShell\Modules;C:\Windows\system32\WindowsPowerShell\v1.0\Modules;C:\Program Files (x86)\Microsoft SQL Server\110\Tools\PowerShell\Modules\, PROGRAMW6432=C:\Program Files, PROGRAMDATA=C:\ProgramData, SYSTEMROOT=C:\Windows, USERNAME=Administrator, NODE_PATH=C:\Program Files\nodejs\node_modules, ONEDRIVE=C:\Users\Administrator\OneDrive, PATHEXT=.COM;.EXE;.BAT;.CMD;.VBS;.VBE;.JS;.JSE;.WSF;.WSH;.MSC, OS=Windows_NT, COMMONPROGRAMW6432=C:\Program Files\Common Files, COMPUTERNAME=WIN10-20180115C, COMMONPROGRAMFILES=C:\Program Files\Common Files, COMSPEC=C:\Windows\system32\cmd.exe, PROCESSOR_REVISION=9e09, NLS_LANG=SIMPLIFIED CHINESE_CHINA.ZHS16GBK, WINDIR=C:\Windows, =D:=D:\IdeaProjects\open-smartcloud\api-gateway, HOMEPATH=\Users\Administrator, TEMP=C:\Users\ADMINI~1\AppData\Local\Temp, HOMEDRIVE=C:, PROCESSOR_IDENTIFIER=Intel64 Family 6 Model 158 Stepping 9, GenuineIntel, USERPROFILE=C:\Users\Administrator, TMP=C:\Users\ADMINI~1\AppData\Local\Temp, VS110COMNTOOLS=C:\Program Files (x86)\Microsoft Visual Studio 11.0\Common7\Tools\, M2_HOME=D:\Java\maven, PUBLIC=C:\Users\Public, NUMBER_OF_PROCESSORS=4}}]
14:09:12.937 [main] DEBUG org.springframework.core.io.support.PathMatchingResourcePatternResolver - Resolved classpath location [com/smartcloud/] to resources [URL [file:/D:/IdeaProjects/open-smartcloud/api-gateway/target/test-classes/com/smartcloud/], URL [file:/D:/IdeaProjects/open-smartcloud/api-gateway/target/classes/com/smartcloud/]]
14:09:12.937 [main] DEBUG org.springframework.core.io.support.PathMatchingResourcePatternResolver - Looking for matching resources in directory tree [D:\IdeaProjects\open-smartcloud\api-gateway\target\test-classes\com\smartcloud]
14:09:12.937 [main] DEBUG org.springframework.core.io.support.PathMatchingResourcePatternResolver - Searching directory [D:\IdeaProjects\open-smartcloud\api-gateway\target\test-classes\com\smartcloud] for files matching pattern [D:/IdeaProjects/open-smartcloud/api-gateway/target/test-classes/com/smartcloud/*.class]
14:09:12.940 [main] DEBUG org.springframework.core.io.support.PathMatchingResourcePatternResolver - Looking for matching resources in directory tree [D:\IdeaProjects\open-smartcloud\api-gateway\target\classes\com\smartcloud]
14:09:12.941 [main] DEBUG org.springframework.core.io.support.PathMatchingResourcePatternResolver - Searching directory [D:\IdeaProjects\open-smartcloud\api-gateway\target\classes\com\smartcloud] for files matching pattern [D:/IdeaProjects/open-smartcloud/api-gateway/target/classes/com/smartcloud/*.class]
14:09:12.941 [main] DEBUG org.springframework.core.io.support.PathMatchingResourcePatternResolver - Resolved location pattern [classpath*:com/smartcloud/*.class] to resources [file [D:\IdeaProjects\open-smartcloud\api-gateway\target\test-classes\com\smartcloud\ApiGatewayApplicationTests.class]]
14:09:12.974 [main] DEBUG org.springframework.core.io.support.PathMatchingResourcePatternResolver - Resolved classpath location [com/] to resources [URL [jar:file:/D:/Java/jdk1.8/jre/lib/ext/jfxrt.jar!/com/], URL [file:/D:/IdeaProjects/open-smartcloud/api-gateway/target/test-classes/com/], URL [file:/D:/IdeaProjects/open-smartcloud/api-gateway/target/classes/com/], URL [jar:file:/D:/Java/maven/repo/com/netflix/netflix-commons/netflix-commons-util/0.3.0/netflix-commons-util-0.3.0.jar!/com/], URL [jar:file:/D:/Java/maven/repo/com/netflix/hystrix/hystrix-core/1.5.12/hystrix-core-1.5.12.jar!/com/], URL [jar:file:/D:/Java/maven/repo/com/netflix/hystrix/hystrix-serialization/1.5.12/hystrix-serialization-1.5.12.jar!/com/], URL [jar:file:/D:/Java/maven/repo/com/fasterxml/jackson/module/jackson-module-afterburner/2.9.6/jackson-module-afterburner-2.9.6.jar!/com/], URL [jar:file:/D:/Java/maven/repo/com/netflix/hystrix/hystrix-metrics-event-stream/1.5.12/hystrix-metrics-event-stream-1.5.12.jar!/com/], URL [jar:file:/D:/Java/maven/repo/com/netflix/hystrix/hystrix-javanica/1.5.12/hystrix-javanica-1.5.12.jar!/com/], URL [jar:file:/D:/Java/maven/repo/com/netflix/ribbon/ribbon/2.2.5/ribbon-2.2.5.jar!/com/], URL [jar:file:/D:/Java/maven/repo/com/netflix/ribbon/ribbon-transport/2.2.5/ribbon-transport-2.2.5.jar!/com/], URL [jar:file:/D:/Java/maven/repo/io/reactivex/rxnetty-contexts/0.4.9/rxnetty-contexts-0.4.9.jar!/com/], URL [jar:file:/D:/Java/maven/repo/com/netflix/ribbon/ribbon-core/2.2.5/ribbon-core-2.2.5.jar!/com/], URL [jar:file:/D:/Java/maven/repo/com/netflix/ribbon/ribbon-httpclient/2.2.5/ribbon-httpclient-2.2.5.jar!/com/], URL [jar:file:/D:/Java/maven/repo/com/netflix/ribbon/ribbon-loadbalancer/2.2.5/ribbon-loadbalancer-2.2.5.jar!/com/], URL [jar:file:/D:/Java/maven/repo/com/netflix/netflix-commons/netflix-statistics/0.1.1/netflix-statistics-0.1.1.jar!/com/], URL [jar:file:/D:/Java/maven/repo/com/netflix/archaius/archaius-core/0.7.6/archaius-core-0.7.6.jar!/com/], URL [jar:file:/D:/Java/maven/repo/com/netflix/zuul/zuul-core/1.3.1/zuul-core-1.3.1.jar!/com/], URL [jar:file:/D:/Java/maven/repo/com/netflix/servo/servo-core/0.12.21/servo-core-0.12.21.jar!/com/], URL [jar:file:/D:/Java/maven/repo/com/netflix/eureka/eureka-client/1.9.2/eureka-client-1.9.2.jar!/com/], URL [jar:file:/D:/Java/maven/repo/com/netflix/netflix-commons/netflix-eventbus/0.3.0/netflix-eventbus-0.3.0.jar!/com/], URL [jar:file:/D:/Java/maven/repo/com/netflix/netflix-commons/netflix-infix/0.3.0/netflix-infix-0.3.0.jar!/com/], URL [jar:file:/D:/Java/maven/repo/com/google/code/gson/gson/2.8.5/gson-2.8.5.jar!/com/], URL [jar:file:/D:/Java/maven/repo/com/sun/jersey/jersey-core/1.19.1/jersey-core-1.19.1.jar!/com/], URL [jar:file:/D:/Java/maven/repo/com/sun/jersey/jersey-client/1.19.1/jersey-client-1.19.1.jar!/com/], URL [jar:file:/D:/Java/maven/repo/com/sun/jersey/contribs/jersey-apache-client4/1.19.1/jersey-apache-client4-1.19.1.jar!/com/], URL [jar:file:/D:/Java/maven/repo/com/google/inject/guice/3.0/guice-3.0.jar!/com/], URL [jar:file:/D:/Java/maven/repo/com/github/andrewoma/dexx/dexx-collections/0.2/dexx-collections-0.2.jar!/com/], URL [jar:file:/D:/Java/maven/repo/com/netflix/eureka/eureka-core/1.9.2/eureka-core-1.9.2.jar!/com/], URL [jar:file:/D:/Java/maven/repo/org/codehaus/woodstox/woodstox-core-asl/4.4.1/woodstox-core-asl-4.4.1.jar!/com/], URL [jar:file:/D:/Java/maven/repo/com/netflix/ribbon/ribbon-eureka/2.2.5/ribbon-eureka-2.2.5.jar!/com/], URL [jar:file:/D:/Java/maven/repo/com/thoughtworks/xstream/xstream/1.4.10/xstream-1.4.10.jar!/com/], URL [jar:file:/D:/Java/maven/repo/com/jayway/jsonpath/json-path/2.4.0/json-path-2.4.0.jar!/com/], URL [jar:file:/D:/Java/maven/repo/com/alibaba/druid/1.1.10/druid-1.1.10.jar!/com/], URL [jar:file:/D:/Java/maven/repo/mysql/mysql-connector-java/6.0.6/mysql-connector-java-6.0.6.jar!/com/], URL [jar:file:/D:/Java/maven/repo/com/fasterxml/jackson/dataformat/jackson-dataformat-xml/2.9.6/jackson-dataformat-xml-2.9.6.jar!/com/], URL [jar:file:/D:/Java/maven/repo/com/fasterxml/jackson/core/jackson-core/2.9.6/jackson-core-2.9.6.jar!/com/], URL [jar:file:/D:/Java/maven/repo/com/fasterxml/jackson/core/jackson-annotations/2.9.0/jackson-annotations-2.9.0.jar!/com/], URL [jar:file:/D:/Java/maven/repo/com/fasterxml/jackson/core/jackson-databind/2.9.6/jackson-databind-2.9.6.jar!/com/], URL [jar:file:/D:/Java/maven/repo/com/fasterxml/jackson/module/jackson-module-jaxb-annotations/2.9.6/jackson-module-jaxb-annotations-2.9.6.jar!/com/], URL [jar:file:/D:/Java/maven/repo/com/fasterxml/woodstox/woodstox-core/5.0.3/woodstox-core-5.0.3.jar!/com/], URL [jar:file:/D:/Java/maven/repo/com/google/guava/guava/20.0/guava-20.0.jar!/com/], URL [jar:file:/D:/Java/maven/repo/com/fasterxml/classmate/1.3.4/classmate-1.3.4.jar!/com/], URL [jar:file:/D:/Java/maven/repo/org/projectlombok/lombok/1.16.18/lombok-1.16.18.jar!/com/], URL [jar:file:/D:/Java/maven/repo/com/alibaba/fastjson/1.2.39/fastjson-1.2.39.jar!/com/], URL [jar:file:/D:/Java/maven/repo/com/fasterxml/jackson/datatype/jackson-datatype-jdk8/2.9.6/jackson-datatype-jdk8-2.9.6.jar!/com/], URL [jar:file:/D:/Java/maven/repo/com/fasterxml/jackson/datatype/jackson-datatype-jsr310/2.9.6/jackson-datatype-jsr310-2.9.6.jar!/com/], URL [jar:file:/D:/Java/maven/repo/com/fasterxml/jackson/module/jackson-module-parameter-names/2.9.6/jackson-module-parameter-names-2.9.6.jar!/com/]]
14:09:12.978 [main] DEBUG org.springframework.core.io.support.PathMatchingResourcePatternResolver - Looking for matching resources in jar file [file:/D:/Java/jdk1.8/jre/lib/ext/jfxrt.jar]
14:09:13.004 [main] DEBUG org.springframework.core.io.support.PathMatchingResourcePatternResolver - Looking for matching resources in directory tree [D:\IdeaProjects\open-smartcloud\api-gateway\target\test-classes\com]
14:09:13.004 [main] DEBUG org.springframework.core.io.support.PathMatchingResourcePatternResolver - Searching directory [D:\IdeaProjects\open-smartcloud\api-gateway\target\test-classes\com] for files matching pattern [D:/IdeaProjects/open-smartcloud/api-gateway/target/test-classes/com/*.class]
14:09:13.005 [main] DEBUG org.springframework.core.io.support.PathMatchingResourcePatternResolver - Looking for matching resources in directory tree [D:\IdeaProjects\open-smartcloud\api-gateway\target\classes\com]
14:09:13.005 [main] DEBUG org.springframework.core.io.support.PathMatchingResourcePatternResolver - Searching directory [D:\IdeaProjects\open-smartcloud\api-gateway\target\classes\com] for files matching pattern [D:/IdeaProjects/open-smartcloud/api-gateway/target/classes/com/*.class]
14:09:13.005 [main] DEBUG org.springframework.core.io.support.PathMatchingResourcePatternResolver - Looking for matching resources in jar file [file:/D:/Java/maven/repo/com/netflix/netflix-commons/netflix-commons-util/0.3.0/netflix-commons-util-0.3.0.jar]
14:09:13.006 [main] DEBUG org.springframework.core.io.support.PathMatchingResourcePatternResolver - Looking for matching resources in jar file [file:/D:/Java/maven/repo/com/netflix/hystrix/hystrix-core/1.5.12/hystrix-core-1.5.12.jar]
14:09:13.008 [main] DEBUG org.springframework.core.io.support.PathMatchingResourcePatternResolver - Looking for matching resources in jar file [file:/D:/Java/maven/repo/com/netflix/hystrix/hystrix-serialization/1.5.12/hystrix-serialization-1.5.12.jar]
14:09:13.008 [main] DEBUG org.springframework.core.io.support.PathMatchingResourcePatternResolver - Looking for matching resources in jar file [file:/D:/Java/maven/repo/com/fasterxml/jackson/module/jackson-module-afterburner/2.9.6/jackson-module-afterburner-2.9.6.jar]
14:09:13.008 [main] DEBUG org.springframework.core.io.support.PathMatchingResourcePatternResolver - Looking for matching resources in jar file [file:/D:/Java/maven/repo/com/netflix/hystrix/hystrix-metrics-event-stream/1.5.12/hystrix-metrics-event-stream-1.5.12.jar]
14:09:13.009 [main] DEBUG org.springframework.core.io.support.PathMatchingResourcePatternResolver - Looking for matching resources in jar file [file:/D:/Java/maven/repo/com/netflix/hystrix/hystrix-javanica/1.5.12/hystrix-javanica-1.5.12.jar]
14:09:13.009 [main] DEBUG org.springframework.core.io.support.PathMatchingResourcePatternResolver - Looking for matching resources in jar file [file:/D:/Java/maven/repo/com/netflix/ribbon/ribbon/2.2.5/ribbon-2.2.5.jar]
14:09:13.010 [main] DEBUG org.springframework.core.io.support.PathMatchingResourcePatternResolver - Looking for matching resources in jar file [file:/D:/Java/maven/repo/com/netflix/ribbon/ribbon-transport/2.2.5/ribbon-transport-2.2.5.jar]
14:09:13.010 [main] DEBUG org.springframework.core.io.support.PathMatchingResourcePatternResolver - Looking for matching resources in jar file [file:/D:/Java/maven/repo/io/reactivex/rxnetty-contexts/0.4.9/rxnetty-contexts-0.4.9.jar]
14:09:13.010 [main] DEBUG org.springframework.core.io.support.PathMatchingResourcePatternResolver - Looking for matching resources in jar file [file:/D:/Java/maven/repo/com/netflix/ribbon/ribbon-core/2.2.5/ribbon-core-2.2.5.jar]
14:09:13.010 [main] DEBUG org.springframework.core.io.support.PathMatchingResourcePatternResolver - Looking for matching resources in jar file [file:/D:/Java/maven/repo/com/netflix/ribbon/ribbon-httpclient/2.2.5/ribbon-httpclient-2.2.5.jar]
14:09:13.010 [main] DEBUG org.springframework.core.io.support.PathMatchingResourcePatternResolver - Looking for matching resources in jar file [file:/D:/Java/maven/repo/com/netflix/ribbon/ribbon-loadbalancer/2.2.5/ribbon-loadbalancer-2.2.5.jar]
14:09:13.011 [main] DEBUG org.springframework.core.io.support.PathMatchingResourcePatternResolver - Looking for matching resources in jar file [file:/D:/Java/maven/repo/com/netflix/netflix-commons/netflix-statistics/0.1.1/netflix-statistics-0.1.1.jar]
14:09:13.011 [main] DEBUG org.springframework.core.io.support.PathMatchingResourcePatternResolver - Looking for matching resources in jar file [file:/D:/Java/maven/repo/com/netflix/archaius/archaius-core/0.7.6/archaius-core-0.7.6.jar]
14:09:13.012 [main] DEBUG org.springframework.core.io.support.PathMatchingResourcePatternResolver - Looking for matching resources in jar file [file:/D:/Java/maven/repo/com/netflix/zuul/zuul-core/1.3.1/zuul-core-1.3.1.jar]
14:09:13.012 [main] DEBUG org.springframework.core.io.support.PathMatchingResourcePatternResolver - Looking for matching resources in jar file [file:/D:/Java/maven/repo/com/netflix/servo/servo-core/0.12.21/servo-core-0.12.21.jar]
14:09:13.012 [main] DEBUG org.springframework.core.io.support.PathMatchingResourcePatternResolver - Looking for matching resources in jar file [file:/D:/Java/maven/repo/com/netflix/eureka/eureka-client/1.9.2/eureka-client-1.9.2.jar]
14:09:13.014 [main] DEBUG org.springframework.core.io.support.PathMatchingResourcePatternResolver - Looking for matching resources in jar file [file:/D:/Java/maven/repo/com/netflix/netflix-commons/netflix-eventbus/0.3.0/netflix-eventbus-0.3.0.jar]
14:09:13.014 [main] DEBUG org.springframework.core.io.support.PathMatchingResourcePatternResolver - Looking for matching resources in jar file [file:/D:/Java/maven/repo/com/netflix/netflix-commons/netflix-infix/0.3.0/netflix-infix-0.3.0.jar]
14:09:13.015 [main] DEBUG org.springframework.core.io.support.PathMatchingResourcePatternResolver - Looking for matching resources in jar file [file:/D:/Java/maven/repo/com/google/code/gson/gson/2.8.5/gson-2.8.5.jar]
14:09:13.015 [main] DEBUG org.springframework.core.io.support.PathMatchingResourcePatternResolver - Looking for matching resources in jar file [file:/D:/Java/maven/repo/com/sun/jersey/jersey-core/1.19.1/jersey-core-1.19.1.jar]
14:09:13.016 [main] DEBUG org.springframework.core.io.support.PathMatchingResourcePatternResolver - Looking for matching resources in jar file [file:/D:/Java/maven/repo/com/sun/jersey/jersey-client/1.19.1/jersey-client-1.19.1.jar]
14:09:13.017 [main] DEBUG org.springframework.core.io.support.PathMatchingResourcePatternResolver - Looking for matching resources in jar file [file:/D:/Java/maven/repo/com/sun/jersey/contribs/jersey-apache-client4/1.19.1/jersey-apache-client4-1.19.1.jar]
14:09:13.017 [main] DEBUG org.springframework.core.io.support.PathMatchingResourcePatternResolver - Looking for matching resources in jar file [file:/D:/Java/maven/repo/com/google/inject/guice/3.0/guice-3.0.jar]
14:09:13.018 [main] DEBUG org.springframework.core.io.support.PathMatchingResourcePatternResolver - Looking for matching resources in jar file [file:/D:/Java/maven/repo/com/github/andrewoma/dexx/dexx-collections/0.2/dexx-collections-0.2.jar]
14:09:13.019 [main] DEBUG org.springframework.core.io.support.PathMatchingResourcePatternResolver - Looking for matching resources in jar file [file:/D:/Java/maven/repo/com/netflix/eureka/eureka-core/1.9.2/eureka-core-1.9.2.jar]
14:09:13.019 [main] DEBUG org.springframework.core.io.support.PathMatchingResourcePatternResolver - Looking for matching resources in jar file [file:/D:/Java/maven/repo/org/codehaus/woodstox/woodstox-core-asl/4.4.1/woodstox-core-asl-4.4.1.jar]
14:09:13.020 [main] DEBUG org.springframework.core.io.support.PathMatchingResourcePatternResolver - Looking for matching resources in jar file [file:/D:/Java/maven/repo/com/netflix/ribbon/ribbon-eureka/2.2.5/ribbon-eureka-2.2.5.jar]
14:09:13.021 [main] DEBUG org.springframework.core.io.support.PathMatchingResourcePatternResolver - Looking for matching resources in jar file [file:/D:/Java/maven/repo/com/thoughtworks/xstream/xstream/1.4.10/xstream-1.4.10.jar]
14:09:13.022 [main] DEBUG org.springframework.core.io.support.PathMatchingResourcePatternResolver - Looking for matching resources in jar file [file:/D:/Java/maven/repo/com/jayway/jsonpath/json-path/2.4.0/json-path-2.4.0.jar]
14:09:13.023 [main] DEBUG org.springframework.core.io.support.PathMatchingResourcePatternResolver - Looking for matching resources in jar file [file:/D:/Java/maven/repo/com/alibaba/druid/1.1.10/druid-1.1.10.jar]
14:09:13.026 [main] DEBUG org.springframework.core.io.support.PathMatchingResourcePatternResolver - Looking for matching resources in jar file [file:/D:/Java/maven/repo/mysql/mysql-connector-java/6.0.6/mysql-connector-java-6.0.6.jar]
14:09:13.030 [main] DEBUG org.springframework.core.io.support.PathMatchingResourcePatternResolver - Looking for matching resources in jar file [file:/D:/Java/maven/repo/com/fasterxml/jackson/dataformat/jackson-dataformat-xml/2.9.6/jackson-dataformat-xml-2.9.6.jar]
14:09:13.030 [main] DEBUG org.springframework.core.io.support.PathMatchingResourcePatternResolver - Looking for matching resources in jar file [file:/D:/Java/maven/repo/com/fasterxml/jackson/core/jackson-core/2.9.6/jackson-core-2.9.6.jar]
14:09:13.031 [main] DEBUG org.springframework.core.io.support.PathMatchingResourcePatternResolver - Looking for matching resources in jar file [file:/D:/Java/maven/repo/com/fasterxml/jackson/core/jackson-annotations/2.9.0/jackson-annotations-2.9.0.jar]
14:09:13.031 [main] DEBUG org.springframework.core.io.support.PathMatchingResourcePatternResolver - Looking for matching resources in jar file [file:/D:/Java/maven/repo/com/fasterxml/jackson/core/jackson-databind/2.9.6/jackson-databind-2.9.6.jar]
14:09:13.033 [main] DEBUG org.springframework.core.io.support.PathMatchingResourcePatternResolver - Looking for matching resources in jar file [file:/D:/Java/maven/repo/com/fasterxml/jackson/module/jackson-module-jaxb-annotations/2.9.6/jackson-module-jaxb-annotations-2.9.6.jar]
14:09:13.033 [main] DEBUG org.springframework.core.io.support.PathMatchingResourcePatternResolver - Looking for matching resources in jar file [file:/D:/Java/maven/repo/com/fasterxml/woodstox/woodstox-core/5.0.3/woodstox-core-5.0.3.jar]
14:09:13.033 [main] DEBUG org.springframework.core.io.support.PathMatchingResourcePatternResolver - Looking for matching resources in jar file [file:/D:/Java/maven/repo/com/google/guava/guava/20.0/guava-20.0.jar]
14:09:13.037 [main] DEBUG org.springframework.core.io.support.PathMatchingResourcePatternResolver - Looking for matching resources in jar file [file:/D:/Java/maven/repo/com/fasterxml/classmate/1.3.4/classmate-1.3.4.jar]
14:09:13.038 [main] DEBUG org.springframework.core.io.support.PathMatchingResourcePatternResolver - Looking for matching resources in jar file [file:/D:/Java/maven/repo/org/projectlombok/lombok/1.16.18/lombok-1.16.18.jar]
14:09:13.040 [main] DEBUG org.springframework.core.io.support.PathMatchingResourcePatternResolver - Looking for matching resources in jar file [file:/D:/Java/maven/repo/com/alibaba/fastjson/1.2.39/fastjson-1.2.39.jar]
14:09:13.042 [main] DEBUG org.springframework.core.io.support.PathMatchingResourcePatternResolver - Looking for matching resources in jar file [file:/D:/Java/maven/repo/com/fasterxml/jackson/datatype/jackson-datatype-jdk8/2.9.6/jackson-datatype-jdk8-2.9.6.jar]
14:09:13.042 [main] DEBUG org.springframework.core.io.support.PathMatchingResourcePatternResolver - Looking for matching resources in jar file [file:/D:/Java/maven/repo/com/fasterxml/jackson/datatype/jackson-datatype-jsr310/2.9.6/jackson-datatype-jsr310-2.9.6.jar]
14:09:13.048 [main] DEBUG org.springframework.core.io.support.PathMatchingResourcePatternResolver - Looking for matching resources in jar file [file:/D:/Java/maven/repo/com/fasterxml/jackson/module/jackson-module-parameter-names/2.9.6/jackson-module-parameter-names-2.9.6.jar]
14:09:13.048 [main] DEBUG org.springframework.core.io.support.PathMatchingResourcePatternResolver - Resolved location pattern [classpath*:com/*.class] to resources []
]]></system-out>
  </testcase>
</testsuite>